C:\Program Files (x86)\Microsoft Visual Studio\2017\Community\Common7\IDE\VC\VCTargets\Microsoft.CppBuild.targets(387,5): warning MSB8028: El directorio intermedio (Debug\) contiene archivos compartidos de otro proyecto (02simpleGame.vcxproj). Esto puede dar lugar a un comportamiento incorrecto de limpieza y recompilación.
  arkanoid_Funtzioak.c
c:\users\benat\desktop\popbl probak\proba_last\bricksmasher\bricksmasher\02simplegame\game02\arkanoid_funtzioak.c(126): warning C4013: 'JOKOA_fondoaSortu' sin definir; se supone que extern devuelve como resultado int
c:\users\benat\desktop\popbl probak\proba_last\bricksmasher\bricksmasher\02simplegame\game02\arkanoid_funtzioak.c(127): warning C4013: 'JOKOA_itzuli' sin definir; se supone que extern devuelve como resultado int
c:\users\benat\desktop\popbl probak\proba_last\bricksmasher\bricksmasher\02simplegame\game02\arkanoid_funtzioak.c(134): warning C4013: 'JOKOA_KreditoakSortu' sin definir; se supone que extern devuelve como resultado int
c:\users\benat\desktop\popbl probak\proba_last\bricksmasher\bricksmasher\02simplegame\game02\arkanoid_funtzioak.c(154): warning C4013: 'JOKOA_backSortu' sin definir; se supone que extern devuelve como resultado int
c:\users\benat\desktop\popbl probak\proba_last\bricksmasher\bricksmasher\02simplegame\game02\arkanoid_funtzioak.c(155): warning C4013: 'JOKOA_jokatu' sin definir; se supone que extern devuelve como resultado int
c:\users\benat\desktop\popbl probak\proba_last\bricksmasher\bricksmasher\02simplegame\game02\arkanoid_funtzioak.c(156): warning C4013: 'JOKOA_tutoriala' sin definir; se supone que extern devuelve como resultado int
c:\users\benat\desktop\popbl probak\proba_last\bricksmasher\bricksmasher\02simplegame\game02\arkanoid_funtzioak.c(157): warning C4013: 'JOKOA_kreditoak' sin definir; se supone que extern devuelve como resultado int
c:\users\benat\desktop\popbl probak\proba_last\bricksmasher\bricksmasher\02simplegame\game02\arkanoid_funtzioak.c(158): warning C4013: 'JOKOA_itxi' sin definir; se supone que extern devuelve como resultado int
c:\users\benat\desktop\popbl probak\proba_last\bricksmasher\bricksmasher\02simplegame\game02\arkanoid_funtzioak.c(286): warning C4013: 'JOKOA_pilotaIrudiaSortu' sin definir; se supone que extern devuelve como resultado int
c:\users\benat\desktop\popbl probak\proba_last\bricksmasher\bricksmasher\02simplegame\game02\arkanoid_funtzioak.c(288): warning C4013: 'JOKOA_SYPowerUPIrudiaSortu' sin definir; se supone que extern devuelve como resultado int
c:\users\benat\desktop\popbl probak\proba_last\bricksmasher\bricksmasher\02simplegame\game02\arkanoid_funtzioak.c(304): warning C4013: 'irudiaAldatu' sin definir; se supone que extern devuelve como resultado int
c:\users\benat\desktop\popbl probak\proba_last\bricksmasher\bricksmasher\02simplegame\game02\arkanoid_funtzioak.c(402): warning C4013: 'Id_aurkitu' sin definir; se supone que extern devuelve como resultado int
c:\users\benat\desktop\popbl probak\proba_last\bricksmasher\bricksmasher\02simplegame\game02\arkanoid_funtzioak.c(537): warning C4013: 'hiruBihotzaKendu' sin definir; se supone que extern devuelve como resultado int
c:\users\benat\desktop\popbl probak\proba_last\bricksmasher\bricksmasher\02simplegame\game02\arkanoid_funtzioak.c(538): warning C4013: 'biBihotzaKendu' sin definir; se supone que extern devuelve como resultado int
c:\users\benat\desktop\popbl probak\proba_last\bricksmasher\bricksmasher\02simplegame\game02\arkanoid_funtzioak.c(790): warning C4101: 'idAudioGame': variable local sin referencia
c:\users\benat\desktop\popbl probak\proba_last\bricksmasher\bricksmasher\02simplegame\game02\arkanoid_funtzioak.c(828): warning C4047: '=': 'int' es distinto en los niveles de direccionamiento indirecto de 'char [19]'
c:\users\benat\desktop\popbl probak\proba_last\bricksmasher\bricksmasher\02simplegame\game02\arkanoid_funtzioak.c(832): warning C4047: '=': 'int' es distinto en los niveles de direccionamiento indirecto de 'char [19]'
c:\users\benat\desktop\popbl probak\proba_last\bricksmasher\bricksmasher\02simplegame\game02\arkanoid_funtzioak.c(836): warning C4047: '=': 'int' es distinto en los niveles de direccionamiento indirecto de 'char [18]'
c:\users\benat\desktop\popbl probak\proba_last\bricksmasher\bricksmasher\02simplegame\game02\arkanoid_funtzioak.c(838): warning C4047: 'función': 'char *' es distinto en los niveles de direccionamiento indirecto de 'int'
c:\users\benat\desktop\popbl probak\proba_last\bricksmasher\bricksmasher\02simplegame\game02\arkanoid_funtzioak.c(838): warning C4024: 'irudiaKargatu': tipos distintos para el parámetro formal y el parámetro real 1
  arkanoid_Main.c
  text.c
  soinua.c
  imagen.c
  graphics.c
  ebentoak.c
  Generando código...
  02simpleGame.vcxproj -> C:\Users\benat\Desktop\popbl probak\proba_last\BrickSmasher\BrickSmasher\Debug\Arkanoid.exe
