c:\popbl\bricksmasher\bricksmasher\02simplegame\debug\vc141.pdb
c:\popbl\bricksmasher\bricksmasher\02simplegame\debug\vc141.idb
c:\popbl\bricksmasher\bricksmasher\02simplegame\debug\ebentoak.obj
c:\popbl\bricksmasher\bricksmasher\02simplegame\debug\graphics.obj
c:\popbl\bricksmasher\bricksmasher\02simplegame\debug\imagen.obj
c:\popbl\bricksmasher\bricksmasher\02simplegame\debug\soinua.obj
c:\popbl\bricksmasher\bricksmasher\02simplegame\debug\text.obj
c:\popbl\bricksmasher\bricksmasher\02simplegame\debug\arkanoid_main.obj
c:\popbl\bricksmasher\bricksmasher\02simplegame\debug\arkanoid_funtzioak.obj
c:\users\benat\desktop\popbl probak\proba_last\bricksmasher\bricksmasher\02simplegame\debug\vc141.pdb
c:\users\benat\desktop\popbl probak\proba_last\bricksmasher\bricksmasher\02simplegame\debug\vc141.idb
c:\users\benat\desktop\popbl probak\proba_last\bricksmasher\bricksmasher\02simplegame\debug\ebentoak.obj
c:\users\benat\desktop\popbl probak\proba_last\bricksmasher\bricksmasher\02simplegame\debug\graphics.obj
c:\users\benat\desktop\popbl probak\proba_last\bricksmasher\bricksmasher\02simplegame\debug\imagen.obj
c:\users\benat\desktop\popbl probak\proba_last\bricksmasher\bricksmasher\02simplegame\debug\soinua.obj
c:\users\benat\desktop\popbl probak\proba_last\bricksmasher\bricksmasher\02simplegame\debug\text.obj
c:\users\benat\desktop\popbl probak\proba_last\bricksmasher\bricksmasher\02simplegame\debug\arkanoid_main.obj
c:\users\benat\desktop\popbl probak\proba_last\bricksmasher\bricksmasher\02simplegame\debug\arkanoid_funtzioak.obj
c:\popbl\bricksmasher\bricksmasher\debug\arkanoid.ilk
c:\popbl\bricksmasher\bricksmasher\debug\arkanoid.exe
c:\popbl\bricksmasher\bricksmasher\debug\arkanoid.pdb
c:\users\benat\desktop\popbl probak\proba_last\bricksmasher\bricksmasher\debug\arkanoid.exe
c:\users\benat\desktop\popbl probak\proba_last\bricksmasher\bricksmasher\debug\arkanoid.ilk
c:\users\benat\desktop\popbl probak\proba_last\bricksmasher\bricksmasher\debug\arkanoid.pdb
c:\users\benat\desktop\popbl probak\proba_last\bricksmasher\bricksmasher\02simplegame\debug\arkanoid.tlog\cl.command.1.tlog
c:\users\benat\desktop\popbl probak\proba_last\bricksmasher\bricksmasher\02simplegame\debug\arkanoid.tlog\cl.read.1.tlog
c:\users\benat\desktop\popbl probak\proba_last\bricksmasher\bricksmasher\02simplegame\debug\arkanoid.tlog\cl.write.1.tlog
c:\users\benat\desktop\popbl probak\proba_last\bricksmasher\bricksmasher\02simplegame\debug\arkanoid.tlog\link.command.1.tlog
c:\users\benat\desktop\popbl probak\proba_last\bricksmasher\bricksmasher\02simplegame\debug\arkanoid.tlog\link.read.1.tlog
c:\users\benat\desktop\popbl probak\proba_last\bricksmasher\bricksmasher\02simplegame\debug\arkanoid.tlog\link.write.1.tlog
